Traceback (most recent call last):
  File "/Users/colbrydi/REPOS/MTH314_Textbook/envs/lib/python3.9/site-packages/jupyter_cache/executors/utils.py", line 51, in single_nb_execution
    executenb(
  File "/Users/colbrydi/REPOS/MTH314_Textbook/envs/lib/python3.9/site-packages/nbclient/client.py", line 1112, in execute
    return NotebookClient(nb=nb, resources=resources, km=km, **kwargs).execute()
  File "/Users/colbrydi/REPOS/MTH314_Textbook/envs/lib/python3.9/site-packages/nbclient/util.py", line 74, in wrapped
    return just_run(coro(*args, **kwargs))
  File "/Users/colbrydi/REPOS/MTH314_Textbook/envs/lib/python3.9/site-packages/nbclient/util.py", line 53, in just_run
    return loop.run_until_complete(coro)
  File "/Users/colbrydi/REPOS/MTH314_Textbook/envs/lib/python3.9/asyncio/base_events.py", line 642, in run_until_complete
    return future.result()
  File "/Users/colbrydi/REPOS/MTH314_Textbook/envs/lib/python3.9/site-packages/nbclient/client.py", line 553, in async_execute
    await self.async_execute_cell(
  File "/Users/colbrydi/REPOS/MTH314_Textbook/envs/lib/python3.9/site-packages/nbclient/client.py", line 857, in async_execute_cell
    self._check_raise_for_error(cell, exec_reply)
  File "/Users/colbrydi/REPOS/MTH314_Textbook/envs/lib/python3.9/site-packages/nbclient/client.py", line 760, in _check_raise_for_error
    raise CellExecutionError.from_cell_and_msg(cell, exec_reply_content)
nbclient.exceptions.CellExecutionError: An error occurred while executing the following cell:
------------------
#Plot combined transformed points
mp = p.copy()
mp = M*mp
plt.plot(mp[0,:].tolist()[0],mp[1,:].tolist()[0], color='green');
plt.axis('scaled');
plt.axis([-10,20,-15,15]);
plt.title('Start Location');
------------------

[0;31m---------------------------------------------------------------------------[0m
[0;31mNameError[0m                                 Traceback (most recent call last)
[0;32m<ipython-input-9-2bada8ec7696>[0m in [0;36m<module>[0;34m[0m
[1;32m      1[0m [0;31m#Plot combined transformed points[0m[0;34m[0m[0;34m[0m[0;34m[0m[0m
[1;32m      2[0m [0mmp[0m [0;34m=[0m [0mp[0m[0;34m.[0m[0mcopy[0m[0;34m([0m[0;34m)[0m[0;34m[0m[0;34m[0m[0m
[0;32m----> 3[0;31m [0mmp[0m [0;34m=[0m [0mM[0m[0;34m*[0m[0mmp[0m[0;34m[0m[0;34m[0m[0m
[0m[1;32m      4[0m [0mplt[0m[0;34m.[0m[0mplot[0m[0;34m([0m[0mmp[0m[0;34m[[0m[0;36m0[0m[0;34m,[0m[0;34m:[0m[0;34m][0m[0;34m.[0m[0mtolist[0m[0;34m([0m[0;34m)[0m[0;34m[[0m[0;36m0[0m[0;34m][0m[0;34m,[0m[0mmp[0m[0;34m[[0m[0;36m1[0m[0;34m,[0m[0;34m:[0m[0;34m][0m[0;34m.[0m[0mtolist[0m[0;34m([0m[0;34m)[0m[0;34m[[0m[0;36m0[0m[0;34m][0m[0;34m,[0m [0mcolor[0m[0;34m=[0m[0;34m'green'[0m[0;34m)[0m[0;34m;[0m[0;34m[0m[0;34m[0m[0m
[1;32m      5[0m [0mplt[0m[0;34m.[0m[0maxis[0m[0;34m([0m[0;34m'scaled'[0m[0;34m)[0m[0;34m;[0m[0;34m[0m[0;34m[0m[0m

[0;31mNameError[0m: name 'M' is not defined
NameError: name 'M' is not defined

